{"contracts/IPrivateCompany.sol":{"l":{},"path":"/home/shuloh/Code/consensys_bdp_project_smartcontracts/contracts/IPrivateCompany.sol","s":{},"b":{},"f":{},"fnMap":{},"statementMap":{},"branchMap":{}},"contracts/IPrivateCompanyFactory.sol":{"l":{},"path":"/home/shuloh/Code/consensys_bdp_project_smartcontracts/contracts/IPrivateCompanyFactory.sol","s":{},"b":{},"f":{},"fnMap":{},"statementMap":{},"branchMap":{}},"contracts/PrivateCompany.sol":{"l":{"13":6,"17":4},"path":"/home/shuloh/Code/consensys_bdp_project_smartcontracts/contracts/PrivateCompany.sol","s":{"1":6,"2":4},"b":{},"f":{"1":6,"2":4},"fnMap":{"1":{"name":"constructor","line":8,"loc":{"start":{"line":8,"column":4},"end":{"line":11,"column":12}}},"2":{"name":"mint","line":16,"loc":{"start":{"line":16,"column":4},"end":{"line":16,"column":46}}}},"statementMap":{"1":{"start":{"line":13,"column":8},"end":{"line":13,"column":40}},"2":{"start":{"line":17,"column":8},"end":{"line":17,"column":31}}},"branchMap":{}},"contracts/PrivateCompanyFactory.sol":{"l":{"13":6,"14":6,"15":6},"path":"/home/shuloh/Code/consensys_bdp_project_smartcontracts/contracts/PrivateCompanyFactory.sol","s":{"1":6,"2":6,"3":6},"b":{},"f":{"1":6},"fnMap":{"1":{"name":"newCompany","line":7,"loc":{"start":{"line":7,"column":4},"end":{"line":12,"column":30}}}},"statementMap":{"1":{"start":{"line":13,"column":8},"end":{"line":13,"column":74}},"2":{"start":{"line":14,"column":8},"end":{"line":14,"column":57}},"3":{"start":{"line":15,"column":8},"end":{"line":15,"column":25}}},"branchMap":{}},"contracts/PrivateExchangeLogic.sol":{"l":{"34":2,"35":2,"36":2,"37":2,"41":1,"45":2,"49":4,"53":3,"57":8,"58":6,"62":10,"66":1,"70":2,"74":1,"75":1,"79":1,"80":1,"81":1,"82":1,"83":1,"84":1,"85":1,"87":1,"88":1,"89":1,"90":1,"91":1,"92":1,"96":1,"97":1,"98":1,"99":1,"100":1,"101":1,"104":5,"105":5,"109":3,"110":3,"111":3,"112":3,"116":1,"117":1,"118":1,"122":1,"132":5,"133":5,"137":1,"140":4,"141":4,"142":4,"146":1,"147":1,"149":4,"151":1,"152":1,"153":1,"156":1,"157":1,"159":2,"161":1,"162":1,"163":1},"path":"/home/shuloh/Code/consensys_bdp_project_smartcontracts/contracts/PrivateExchangeLogic.sol","s":{"1":2,"2":2,"3":2,"4":2,"5":1,"6":2,"7":4,"8":3,"9":8,"10":10,"11":1,"12":2,"13":1,"14":1,"15":1,"16":1,"17":1,"18":1,"19":1,"20":1,"21":1,"22":1,"23":1,"24":1,"25":1,"26":1,"27":1,"28":1,"29":1,"30":1,"31":1,"32":1,"33":1,"34":5,"35":5,"36":3,"37":3,"38":3,"39":3,"40":1,"41":1,"42":1,"43":1,"44":5,"45":5,"46":1,"47":4,"48":4,"49":4,"50":1,"51":1,"52":4,"53":1,"54":1,"55":1,"56":1,"57":2,"58":1,"59":1},"b":{"1":[6,2],"2":[1,0],"3":[1,0],"4":[1,0],"5":[1,0],"6":[1,0],"7":[1,0],"8":[1,0],"9":[1,3],"10":[1,1]},"f":{"1":2,"2":1,"3":2,"4":4,"5":3,"6":8,"7":10,"8":1,"9":2,"10":1,"11":1,"12":1,"13":5,"14":3,"15":1,"16":1,"17":5,"18":1,"19":4,"20":1},"fnMap":{"1":{"name":"initialize","line":33,"loc":{"start":{"line":33,"column":4},"end":{"line":33,"column":121}}},"2":{"name":"upgradeCompanyFactory","line":40,"loc":{"start":{"line":40,"column":4},"end":{"line":40,"column":73}}},"3":{"name":"_makeExchangeToken","line":44,"loc":{"start":{"line":44,"column":4},"end":{"line":44,"column":106}}},"4":{"name":"numberOfListedCompanies","line":48,"loc":{"start":{"line":48,"column":4},"end":{"line":48,"column":65}}},"5":{"name":"numberOfOwnedCompanies","line":52,"loc":{"start":{"line":52,"column":4},"end":{"line":52,"column":64}}},"6":{"name":"onlyOpen","line":56,"loc":{"start":{"line":56,"column":4},"end":{"line":56,"column":21}}},"7":{"name":"isOpen","line":61,"loc":{"start":{"line":61,"column":4},"end":{"line":61,"column":46}}},"8":{"name":"switchOpenMode","line":65,"loc":{"start":{"line":65,"column":4},"end":{"line":65,"column":54}}},"9":{"name":"exchangeTokenBalance","line":69,"loc":{"start":{"line":69,"column":4},"end":{"line":69,"column":62}}},"10":{"name":"buyExchangeToken","line":73,"loc":{"start":{"line":73,"column":4},"end":{"line":73,"column":53}}},"11":{"name":"buyCompanyShares","line":78,"loc":{"start":{"line":78,"column":4},"end":{"line":78,"column":76}}},"12":{"name":"updateCompanyPrice","line":95,"loc":{"start":{"line":95,"column":4},"end":{"line":95,"column":77}}},"13":{"name":"_updateCompanyPrice","line":103,"loc":{"start":{"line":103,"column":4},"end":{"line":103,"column":71}}},"14":{"name":"createCompanyAndList","line":108,"loc":{"start":{"line":108,"column":4},"end":{"line":108,"column":104}}},"15":{"name":"listCompany","line":115,"loc":{"start":{"line":115,"column":4},"end":{"line":115,"column":71}}},"16":{"name":"delistCompany","line":121,"loc":{"start":{"line":121,"column":4},"end":{"line":121,"column":58}}},"17":{"name":"_createCompany","line":125,"loc":{"start":{"line":125,"column":4},"end":{"line":130,"column":39}}},"18":{"name":"_isListedCompany","line":136,"loc":{"start":{"line":136,"column":4},"end":{"line":136,"column":72}}},"19":{"name":"_listCompany","line":139,"loc":{"start":{"line":139,"column":4},"end":{"line":139,"column":57}}},"20":{"name":"_delistCompany","line":145,"loc":{"start":{"line":145,"column":4},"end":{"line":145,"column":59}}}},"statementMap":{"1":{"start":{"line":34,"column":8},"end":{"line":34,"column":32}},"2":{"start":{"line":35,"column":8},"end":{"line":35,"column":24}},"3":{"start":{"line":36,"column":8},"end":{"line":36,"column":63}},"4":{"start":{"line":37,"column":8},"end":{"line":37,"column":55}},"5":{"start":{"line":41,"column":8},"end":{"line":41,"column":63}},"6":{"start":{"line":45,"column":8},"end":{"line":45,"column":58}},"7":{"start":{"line":49,"column":8},"end":{"line":49,"column":37}},"8":{"start":{"line":53,"column":8},"end":{"line":53,"column":48}},"9":{"start":{"line":57,"column":8},"end":{"line":57,"column":44}},"10":{"start":{"line":62,"column":8},"end":{"line":62,"column":24}},"11":{"start":{"line":66,"column":8},"end":{"line":66,"column":24}},"12":{"start":{"line":70,"column":8},"end":{"line":70,"column":50}},"13":{"start":{"line":74,"column":8},"end":{"line":74,"column":36}},"14":{"start":{"line":75,"column":8},"end":{"line":75,"column":52}},"15":{"start":{"line":79,"column":8},"end":{"line":79,"column":65}},"16":{"start":{"line":80,"column":8},"end":{"line":80,"column":52}},"17":{"start":{"line":81,"column":8},"end":{"line":81,"column":50}},"18":{"start":{"line":82,"column":8},"end":{"line":82,"column":34}},"19":{"start":{"line":83,"column":8},"end":{"line":83,"column":53}},"20":{"start":{"line":84,"column":8},"end":{"line":84,"column":35}},"21":{"start":{"line":85,"column":8},"end":{"line":85,"column":40}},"22":{"start":{"line":87,"column":8},"end":{"line":87,"column":69}},"23":{"start":{"line":88,"column":8},"end":{"line":88,"column":99}},"24":{"start":{"line":89,"column":8},"end":{"line":89,"column":135}},"25":{"start":{"line":90,"column":8},"end":{"line":90,"column":45}},"26":{"start":{"line":91,"column":8},"end":{"line":91,"column":54}},"27":{"start":{"line":92,"column":8},"end":{"line":92,"column":68}},"28":{"start":{"line":96,"column":8},"end":{"line":96,"column":53}},"29":{"start":{"line":97,"column":8},"end":{"line":97,"column":51}},"30":{"start":{"line":98,"column":8},"end":{"line":98,"column":53}},"31":{"start":{"line":99,"column":8},"end":{"line":99,"column":81}},"32":{"start":{"line":100,"column":8},"end":{"line":100,"column":68}},"33":{"start":{"line":101,"column":8},"end":{"line":101,"column":42}},"34":{"start":{"line":104,"column":8},"end":{"line":104,"column":43}},"35":{"start":{"line":105,"column":8},"end":{"line":105,"column":48}},"36":{"start":{"line":109,"column":8},"end":{"line":109,"column":41}},"37":{"start":{"line":110,"column":8},"end":{"line":110,"column":70}},"38":{"start":{"line":111,"column":8},"end":{"line":111,"column":22}},"39":{"start":{"line":112,"column":8},"end":{"line":112,"column":45}},"40":{"start":{"line":116,"column":8},"end":{"line":116,"column":53}},"41":{"start":{"line":117,"column":8},"end":{"line":117,"column":42}},"42":{"start":{"line":118,"column":8},"end":{"line":118,"column":23}},"43":{"start":{"line":122,"column":8},"end":{"line":122,"column":47}},"44":{"start":{"line":132,"column":8},"end":{"line":132,"column":74}},"45":{"start":{"line":133,"column":8},"end":{"line":133,"column":33}},"46":{"start":{"line":137,"column":8},"end":{"line":137,"column":47}},"47":{"start":{"line":140,"column":8},"end":{"line":140,"column":36}},"48":{"start":{"line":141,"column":8},"end":{"line":141,"column":52}},"49":{"start":{"line":142,"column":8},"end":{"line":142,"column":61}},"50":{"start":{"line":146,"column":8},"end":{"line":146,"column":48}},"51":{"start":{"line":147,"column":8},"end":{"line":147,"column":5638}},"52":{"start":{"line":149,"column":12},"end":{"line":149,"column":5715}},"53":{"start":{"line":151,"column":16},"end":{"line":151,"column":79}},"54":{"start":{"line":152,"column":16},"end":{"line":152,"column":36}},"55":{"start":{"line":156,"column":8},"end":{"line":156,"column":82}},"56":{"start":{"line":157,"column":8},"end":{"line":157,"column":6020}},"57":{"start":{"line":159,"column":12},"end":{"line":159,"column":6096}},"58":{"start":{"line":161,"column":16},"end":{"line":161,"column":76}},"59":{"start":{"line":162,"column":16},"end":{"line":162,"column":35}}},"branchMap":{"1":{"line":57,"type":"if","locations":[{"start":{"line":57,"column":8},"end":{"line":57,"column":8}},{"start":{"line":57,"column":8},"end":{"line":57,"column":8}}]},"2":{"line":79,"type":"if","locations":[{"start":{"line":79,"column":8},"end":{"line":79,"column":8}},{"start":{"line":79,"column":8},"end":{"line":79,"column":8}}]},"3":{"line":81,"type":"if","locations":[{"start":{"line":81,"column":8},"end":{"line":81,"column":8}},{"start":{"line":81,"column":8},"end":{"line":81,"column":8}}]},"4":{"line":88,"type":"if","locations":[{"start":{"line":88,"column":8},"end":{"line":88,"column":8}},{"start":{"line":88,"column":8},"end":{"line":88,"column":8}}]},"5":{"line":89,"type":"if","locations":[{"start":{"line":89,"column":8},"end":{"line":89,"column":8}},{"start":{"line":89,"column":8},"end":{"line":89,"column":8}}]},"6":{"line":97,"type":"if","locations":[{"start":{"line":97,"column":8},"end":{"line":97,"column":8}},{"start":{"line":97,"column":8},"end":{"line":97,"column":8}}]},"7":{"line":99,"type":"if","locations":[{"start":{"line":99,"column":8},"end":{"line":99,"column":8}},{"start":{"line":99,"column":8},"end":{"line":99,"column":8}}]},"8":{"line":100,"type":"if","locations":[{"start":{"line":100,"column":8},"end":{"line":100,"column":8}},{"start":{"line":100,"column":8},"end":{"line":100,"column":8}}]},"9":{"line":149,"type":"if","locations":[{"start":{"line":149,"column":12},"end":{"line":149,"column":12}},{"start":{"line":149,"column":12},"end":{"line":149,"column":12}}]},"10":{"line":159,"type":"if","locations":[{"start":{"line":159,"column":12},"end":{"line":159,"column":12}},{"start":{"line":159,"column":12},"end":{"line":159,"column":12}}]}}},"contracts/PrivateExchangeProxy.sol":{"l":{},"path":"/home/shuloh/Code/consensys_bdp_project_smartcontracts/contracts/PrivateExchangeProxy.sol","s":{},"b":{},"f":{},"fnMap":{},"statementMap":{},"branchMap":{}}}