{"contracts/IPrivateCompany.sol":{"l":{},"path":"/home/shuloh/Code/entangle-exchange/contracts/IPrivateCompany.sol","s":{},"b":{},"f":{},"fnMap":{},"statementMap":{},"branchMap":{}},"contracts/IPrivateCompanyFactory.sol":{"l":{},"path":"/home/shuloh/Code/entangle-exchange/contracts/IPrivateCompanyFactory.sol","s":{},"b":{},"f":{},"fnMap":{},"statementMap":{},"branchMap":{}},"contracts/PrivateCompany.sol":{"l":{"13":7,"17":4},"path":"/home/shuloh/Code/entangle-exchange/contracts/PrivateCompany.sol","s":{"1":7,"2":4},"b":{},"f":{"1":7,"2":4},"fnMap":{"1":{"name":"constructor","line":8,"loc":{"start":{"line":8,"column":4},"end":{"line":11,"column":12}}},"2":{"name":"mint","line":16,"loc":{"start":{"line":16,"column":4},"end":{"line":16,"column":46}}}},"statementMap":{"1":{"start":{"line":13,"column":8},"end":{"line":13,"column":40}},"2":{"start":{"line":17,"column":8},"end":{"line":17,"column":31}}},"branchMap":{}},"contracts/PrivateCompanyFactory.sol":{"l":{"13":7,"14":7,"15":7},"path":"/home/shuloh/Code/entangle-exchange/contracts/PrivateCompanyFactory.sol","s":{"1":7,"2":7,"3":7},"b":{},"f":{"1":7},"fnMap":{"1":{"name":"newCompany","line":7,"loc":{"start":{"line":7,"column":4},"end":{"line":12,"column":30}}}},"statementMap":{"1":{"start":{"line":13,"column":8},"end":{"line":13,"column":74}},"2":{"start":{"line":14,"column":8},"end":{"line":14,"column":57}},"3":{"start":{"line":15,"column":8},"end":{"line":15,"column":25}}},"branchMap":{}},"contracts/PrivateExchangeLogic.sol":{"l":{"50":1,"51":1,"52":1,"53":1,"57":1,"62":4,"66":3,"70":26,"71":24,"75":29,"79":2,"80":2,"81":1,"84":1,"89":1,"93":2,"101":3,"102":1,"103":1,"115":7,"116":5,"117":5,"118":5,"119":5,"120":5,"121":5,"122":5,"125":3,"128":1,"129":1,"130":1,"140":7,"141":7,"142":5,"143":5,"144":3,"145":1,"149":5,"150":5,"158":7,"159":7,"160":5,"161":3,"162":3,"163":3,"164":3,"168":1,"169":1,"170":1,"174":1,"181":1,"191":4,"192":4,"196":7,"199":4,"200":4,"201":4,"205":1,"206":1,"208":4,"210":1,"211":1,"212":1,"215":1,"216":1,"218":2,"220":1,"221":1,"222":1},"path":"/home/shuloh/Code/entangle-exchange/contracts/PrivateExchangeLogic.sol","s":{"1":1,"2":1,"3":1,"4":1,"5":1,"6":4,"7":3,"8":26,"9":29,"10":2,"11":2,"12":1,"13":1,"14":1,"15":2,"16":3,"17":1,"18":1,"19":7,"20":5,"21":5,"22":5,"23":5,"24":5,"25":5,"26":5,"27":3,"28":1,"29":1,"30":1,"31":7,"32":7,"33":5,"34":5,"35":3,"36":1,"37":5,"38":5,"39":7,"40":7,"41":5,"42":3,"43":3,"44":3,"45":3,"46":1,"47":1,"48":1,"49":1,"50":1,"51":4,"52":4,"53":7,"54":4,"55":4,"56":4,"57":1,"58":1,"59":4,"60":1,"61":1,"62":1,"63":1,"64":2,"65":1,"66":1},"b":{"1":[24,2],"2":[1,1],"3":[1,2],"4":[5,2],"5":[3,2],"6":[1,2],"7":[5,2],"8":[3,2],"9":[1,2],"10":[5,2],"11":[3,2],"12":[1,3],"13":[1,1]},"f":{"1":1,"2":1,"3":4,"4":3,"5":26,"6":29,"7":2,"8":1,"9":2,"10":3,"11":7,"12":7,"13":5,"14":7,"15":1,"16":1,"17":1,"18":4,"19":7,"20":4,"21":1},"fnMap":{"1":{"name":"initialize","line":44,"loc":{"start":{"line":44,"column":4},"end":{"line":49,"column":26}}},"2":{"name":"upgradeCompanyFactory","line":56,"loc":{"start":{"line":56,"column":4},"end":{"line":56,"column":73}}},"3":{"name":"numberOfListedCompanies","line":61,"loc":{"start":{"line":61,"column":4},"end":{"line":61,"column":65}}},"4":{"name":"numberOfOwnedCompanies","line":65,"loc":{"start":{"line":65,"column":4},"end":{"line":65,"column":64}}},"5":{"name":"onlyOpen","line":69,"loc":{"start":{"line":69,"column":4},"end":{"line":69,"column":21}}},"6":{"name":"isOpen","line":74,"loc":{"start":{"line":74,"column":4},"end":{"line":74,"column":46}}},"7":{"name":"switchOpenMode","line":78,"loc":{"start":{"line":78,"column":4},"end":{"line":78,"column":54}}},"8":{"name":"exchangeTokenStaked","line":88,"loc":{"start":{"line":88,"column":4},"end":{"line":88,"column":61}}},"9":{"name":"exchangeTokenBalance","line":92,"loc":{"start":{"line":92,"column":4},"end":{"line":92,"column":62}}},"10":{"name":"buyExchangeToken","line":100,"loc":{"start":{"line":100,"column":4},"end":{"line":100,"column":53}}},"11":{"name":"buyCompanyShares","line":114,"loc":{"start":{"line":114,"column":4},"end":{"line":114,"column":76}}},"12":{"name":"updateCompanyPrice","line":139,"loc":{"start":{"line":139,"column":4},"end":{"line":139,"column":77}}},"13":{"name":"_updateCompanyPrice","line":148,"loc":{"start":{"line":148,"column":4},"end":{"line":148,"column":71}}},"14":{"name":"createCompanyAndList","line":153,"loc":{"start":{"line":153,"column":4},"end":{"line":157,"column":23}}},"15":{"name":"listCompany","line":167,"loc":{"start":{"line":167,"column":4},"end":{"line":167,"column":71}}},"16":{"name":"delistCompany","line":173,"loc":{"start":{"line":173,"column":4},"end":{"line":173,"column":58}}},"17":{"name":"_makeExchangeToken","line":177,"loc":{"start":{"line":177,"column":4},"end":{"line":180,"column":42}}},"18":{"name":"_createCompany","line":184,"loc":{"start":{"line":184,"column":4},"end":{"line":189,"column":39}}},"19":{"name":"_isListedCompany","line":195,"loc":{"start":{"line":195,"column":4},"end":{"line":195,"column":72}}},"20":{"name":"_listCompany","line":198,"loc":{"start":{"line":198,"column":4},"end":{"line":198,"column":57}}},"21":{"name":"_delistCompany","line":204,"loc":{"start":{"line":204,"column":4},"end":{"line":204,"column":59}}}},"statementMap":{"1":{"start":{"line":50,"column":8},"end":{"line":50,"column":32}},"2":{"start":{"line":51,"column":8},"end":{"line":51,"column":24}},"3":{"start":{"line":52,"column":8},"end":{"line":52,"column":63}},"4":{"start":{"line":53,"column":8},"end":{"line":53,"column":55}},"5":{"start":{"line":57,"column":8},"end":{"line":57,"column":63}},"6":{"start":{"line":62,"column":8},"end":{"line":62,"column":37}},"7":{"start":{"line":66,"column":8},"end":{"line":66,"column":48}},"8":{"start":{"line":70,"column":8},"end":{"line":70,"column":44}},"9":{"start":{"line":75,"column":8},"end":{"line":75,"column":24}},"10":{"start":{"line":79,"column":8},"end":{"line":79,"column":24}},"11":{"start":{"line":80,"column":8},"end":{"line":80,"column":2282}},"12":{"start":{"line":81,"column":12},"end":{"line":81,"column":33}},"13":{"start":{"line":84,"column":12},"end":{"line":84,"column":33}},"14":{"start":{"line":89,"column":8},"end":{"line":89,"column":65}},"15":{"start":{"line":93,"column":8},"end":{"line":93,"column":50}},"16":{"start":{"line":101,"column":8},"end":{"line":101,"column":57}},"17":{"start":{"line":102,"column":8},"end":{"line":102,"column":36}},"18":{"start":{"line":103,"column":8},"end":{"line":103,"column":52}},"19":{"start":{"line":115,"column":8},"end":{"line":115,"column":65}},"20":{"start":{"line":116,"column":8},"end":{"line":116,"column":52}},"21":{"start":{"line":117,"column":8},"end":{"line":117,"column":34}},"22":{"start":{"line":118,"column":8},"end":{"line":118,"column":53}},"23":{"start":{"line":119,"column":8},"end":{"line":119,"column":35}},"24":{"start":{"line":120,"column":8},"end":{"line":120,"column":53}},"25":{"start":{"line":121,"column":8},"end":{"line":121,"column":69}},"26":{"start":{"line":122,"column":8},"end":{"line":122,"column":3855}},"27":{"start":{"line":125,"column":8},"end":{"line":125,"column":3979}},"28":{"start":{"line":128,"column":8},"end":{"line":128,"column":45}},"29":{"start":{"line":129,"column":8},"end":{"line":129,"column":54}},"30":{"start":{"line":130,"column":8},"end":{"line":130,"column":68}},"31":{"start":{"line":140,"column":8},"end":{"line":140,"column":53}},"32":{"start":{"line":141,"column":8},"end":{"line":141,"column":51}},"33":{"start":{"line":142,"column":8},"end":{"line":142,"column":53}},"34":{"start":{"line":143,"column":8},"end":{"line":143,"column":81}},"35":{"start":{"line":144,"column":8},"end":{"line":144,"column":68}},"36":{"start":{"line":145,"column":8},"end":{"line":145,"column":42}},"37":{"start":{"line":149,"column":8},"end":{"line":149,"column":43}},"38":{"start":{"line":150,"column":8},"end":{"line":150,"column":48}},"39":{"start":{"line":158,"column":8},"end":{"line":158,"column":61}},"40":{"start":{"line":159,"column":8},"end":{"line":159,"column":84}},"41":{"start":{"line":160,"column":8},"end":{"line":160,"column":88}},"42":{"start":{"line":161,"column":8},"end":{"line":161,"column":41}},"43":{"start":{"line":162,"column":8},"end":{"line":162,"column":70}},"44":{"start":{"line":163,"column":8},"end":{"line":163,"column":22}},"45":{"start":{"line":164,"column":8},"end":{"line":164,"column":45}},"46":{"start":{"line":168,"column":8},"end":{"line":168,"column":53}},"47":{"start":{"line":169,"column":8},"end":{"line":169,"column":42}},"48":{"start":{"line":170,"column":8},"end":{"line":170,"column":23}},"49":{"start":{"line":174,"column":8},"end":{"line":174,"column":47}},"50":{"start":{"line":181,"column":8},"end":{"line":181,"column":58}},"51":{"start":{"line":191,"column":8},"end":{"line":191,"column":74}},"52":{"start":{"line":192,"column":8},"end":{"line":192,"column":33}},"53":{"start":{"line":196,"column":8},"end":{"line":196,"column":47}},"54":{"start":{"line":199,"column":8},"end":{"line":199,"column":36}},"55":{"start":{"line":200,"column":8},"end":{"line":200,"column":52}},"56":{"start":{"line":201,"column":8},"end":{"line":201,"column":61}},"57":{"start":{"line":205,"column":8},"end":{"line":205,"column":48}},"58":{"start":{"line":206,"column":8},"end":{"line":206,"column":7116}},"59":{"start":{"line":208,"column":12},"end":{"line":208,"column":7193}},"60":{"start":{"line":210,"column":16},"end":{"line":210,"column":79}},"61":{"start":{"line":211,"column":16},"end":{"line":211,"column":36}},"62":{"start":{"line":215,"column":8},"end":{"line":215,"column":82}},"63":{"start":{"line":216,"column":8},"end":{"line":216,"column":7498}},"64":{"start":{"line":218,"column":12},"end":{"line":218,"column":7574}},"65":{"start":{"line":220,"column":16},"end":{"line":220,"column":76}},"66":{"start":{"line":221,"column":16},"end":{"line":221,"column":35}}},"branchMap":{"1":{"line":70,"type":"if","locations":[{"start":{"line":70,"column":8},"end":{"line":70,"column":8}},{"start":{"line":70,"column":8},"end":{"line":70,"column":8}}]},"2":{"line":80,"type":"if","locations":[{"start":{"line":80,"column":8},"end":{"line":80,"column":8}},{"start":{"line":80,"column":8},"end":{"line":80,"column":8}}]},"3":{"line":101,"type":"if","locations":[{"start":{"line":101,"column":8},"end":{"line":101,"column":8}},{"start":{"line":101,"column":8},"end":{"line":101,"column":8}}]},"4":{"line":115,"type":"if","locations":[{"start":{"line":115,"column":8},"end":{"line":115,"column":8}},{"start":{"line":115,"column":8},"end":{"line":115,"column":8}}]},"5":{"line":122,"type":"if","locations":[{"start":{"line":122,"column":8},"end":{"line":122,"column":8}},{"start":{"line":122,"column":8},"end":{"line":122,"column":8}}]},"6":{"line":125,"type":"if","locations":[{"start":{"line":125,"column":8},"end":{"line":125,"column":8}},{"start":{"line":125,"column":8},"end":{"line":125,"column":8}}]},"7":{"line":141,"type":"if","locations":[{"start":{"line":141,"column":8},"end":{"line":141,"column":8}},{"start":{"line":141,"column":8},"end":{"line":141,"column":8}}]},"8":{"line":143,"type":"if","locations":[{"start":{"line":143,"column":8},"end":{"line":143,"column":8}},{"start":{"line":143,"column":8},"end":{"line":143,"column":8}}]},"9":{"line":144,"type":"if","locations":[{"start":{"line":144,"column":8},"end":{"line":144,"column":8}},{"start":{"line":144,"column":8},"end":{"line":144,"column":8}}]},"10":{"line":159,"type":"if","locations":[{"start":{"line":159,"column":8},"end":{"line":159,"column":8}},{"start":{"line":159,"column":8},"end":{"line":159,"column":8}}]},"11":{"line":160,"type":"if","locations":[{"start":{"line":160,"column":8},"end":{"line":160,"column":8}},{"start":{"line":160,"column":8},"end":{"line":160,"column":8}}]},"12":{"line":208,"type":"if","locations":[{"start":{"line":208,"column":12},"end":{"line":208,"column":12}},{"start":{"line":208,"column":12},"end":{"line":208,"column":12}}]},"13":{"line":218,"type":"if","locations":[{"start":{"line":218,"column":12},"end":{"line":218,"column":12}},{"start":{"line":218,"column":12},"end":{"line":218,"column":12}}]}}},"contracts/PrivateExchangeProxy.sol":{"l":{},"path":"/home/shuloh/Code/entangle-exchange/contracts/PrivateExchangeProxy.sol","s":{},"b":{},"f":{},"fnMap":{},"statementMap":{},"branchMap":{}}}